<?xml version="1.0" encoding="UTF-8"?>
<!-- Generated by org.testng.reporters.JUnitXMLReporter -->
<testsuite hostname="Marko-PC" ignored="0" name="Chrome Test" tests="9" failures="1" timestamp="13 apr 2020 01:13:55 GMT" time="445.463" errors="0">
  <testcase name="enterTest" time="4.108" classname="tests.HomePageTest"/>
  <testcase name="LinkTests" time="10.56" classname="tests.PetStoreMenuTest"/>
  <testcase name="LinksTest" time="2.393" classname="tests.PetStoreMenuTest"/>
  <testcase name="SignInTest" time="0.805" classname="tests.PetStoreMenuTest"/>
  <testcase name="RegistrationTest" time="246.601" classname="tests.RegistrationPageTest">
    <failure type="java.lang.AssertionError" message="The following asserts failed:
	expected [false] but found [true],
	expected [false] but found [true],
	expected [false] but found [true],
	expected [false] but found [true],
	expected [false] but found [true],
	expected [false] but found [true],
	expected [false] but found [true],
	expected [false] but found [true],
	expected [false] but found [true],
	expected [false] but found [true]">
      <![CDATA[java.lang.AssertionError: The following asserts failed:
expected [false] but found [true],
expected [false] but found [true],
expected [false] but found [true],
expected [false] but found [true],
expected [false] but found [true],
expected [false] but found [true],
expected [false] but found [true],
expected [false] but found [true],
expected [false] but found [true],
expected [false] but found [true]
at tests.RegistrationPageTest.RegistrationTest(RegistrationPageTest.java:74)
... Removed 26 stack frames]]>
    </failure>
  </testcase> <!-- RegistrationTest -->
  <testcase name="SignInTests" time="84.646" classname="tests.SignInTest"/>
  <testcase name="addToCartTest" time="8.305" classname="tests.CartTest"/>
  <testcase name="countCartTest" time="2.857" classname="tests.CartTest"/>
  <testcase name="emptyCartTest" time="5.281" classname="tests.CartTest"/>
</testsuite> <!-- Chrome Test -->
