<?xml version="1.0" encoding="UTF-8"?>
<!-- Generated by org.testng.reporters.JUnitXMLReporter -->
<testsuite hostname="Marko-PC" ignored="0" name="EdgeTest" tests="9" failures="1" timestamp="13 apr 2020 01:26:46 GMT" time="414.461" errors="0">
  <testcase name="enterTest" time="8.193" classname="tests.HomePageTest"/>
  <testcase name="LinkTests" time="10.27" classname="tests.PetStoreMenuTest"/>
  <testcase name="LinksTest" time="1.186" classname="tests.PetStoreMenuTest"/>
  <testcase name="SignInTest" time="0.513" classname="tests.PetStoreMenuTest"/>
  <testcase name="RegistrationTest" time="242.978" classname="tests.RegistrationPageTest">
    <failure type="java.lang.AssertionError" message="The following asserts failed:
	expected [false] but found [true],
	expected [false] but found [true],
	expected [false] but found [true],
	expected [false] but found [true],
	expected [false] but found [true],
	expected [false] but found [true],
	expected [false] but found [true],
	expected [false] but found [true],
	expected [false] but found [true],
	expected [false] but found [true]">
      <![CDATA[java.lang.AssertionError: The following asserts failed:
expected [false] but found [true],
expected [false] but found [true],
expected [false] but found [true],
expected [false] but found [true],
expected [false] but found [true],
expected [false] but found [true],
expected [false] but found [true],
expected [false] but found [true],
expected [false] but found [true],
expected [false] but found [true]
at tests.RegistrationPageTest.RegistrationTest(RegistrationPageTest.java:74)
... Removed 26 stack frames]]>
    </failure>
  </testcase> <!-- RegistrationTest -->
  <testcase name="SignInTests" time="95.895" classname="tests.SignInTest"/>
  <testcase name="addToCartTest" time="7.691" classname="tests.CartTest"/>
  <testcase name="countCartTest" time="2.802" classname="tests.CartTest"/>
  <testcase name="emptyCartTest" time="5.082" classname="tests.CartTest"/>
</testsuite> <!-- EdgeTest -->
