<?xml version="1.0" encoding="UTF-8"?>
<!-- Generated by org.testng.reporters.JUnitXMLReporter -->
<testsuite hostname="Marko-PC" ignored="0" name="FirefoxTest" tests="9" failures="2" timestamp="13 apr 2020 01:19:51 GMT" time="356.471" errors="0">
  <testcase name="enterTest" time="2.971" classname="tests.HomePageTest"/>
  <testcase name="LinkTests" time="7.542" classname="tests.PetStoreMenuTest">
    <failure type="org.openqa.selenium.ElementNotInteractableException" message="Element &amp;lt;area href=&amp;quot;Catalog.action?viewCategory=&amp;amp;categoryId=BIRDS&amp;quot;&amp;gt; could not be scrolled into view
Build info: version: &amp;apos;3.141.59&amp;apos;, revision: &amp;apos;e82be7d358&amp;apos;, time: &amp;apos;2018-11-14T08:25:48&amp;apos;
System info: host: &amp;apos;MARKO-PC&amp;apos;, ip: &amp;apos;192.168.1.16&amp;apos;, os.name: &amp;apos;Windows 7&amp;apos;, os.arch: &amp;apos;amd64&amp;apos;, os.version: &amp;apos;6.1&amp;apos;, java.version: &amp;apos;1.8.0_241&amp;apos;
Driver info: org.openqa.selenium.firefox.FirefoxDriver
Capabilities {acceptInsecureCerts: true, browserName: firefox, browserVersion: 75.0, javascriptEnabled: true, moz:accessibilityChecks: false, moz:buildID: 20200403170909, moz:geckodriverVersion: 0.26.0, moz:headless: false, moz:processID: 8900, moz:profile: C:\Users\Marko\AppData\Loca..., moz:shutdownTimeout: 60000, moz:useNonSpecCompliantPointerOrigin: false, moz:webdriverClick: true, pageLoadStrategy: normal, platform: WINDOWS, platformName: WINDOWS, platformVersion: 6.1, rotatable: false, setWindowRect: true, strictFileInteractability: false, timeouts: {implicit: 0, pageLoad: 300000, script: 30000}, unhandledPromptBehavior: dismiss and notify}
Session ID: c012e14b-fb3c-45b4-8400-d6c734bfdd95">
      <![CDATA[org.openqa.selenium.ElementNotInteractableException: Element <area href="Catalog.action?viewCategory=&categoryId=BIRDS"> could not be scrolled into view
Build info: version: '3.141.59', revision: 'e82be7d358', time: '2018-11-14T08:25:48'
System info: host: 'MARKO-PC', ip: '192.168.1.16', os.name: 'Windows 7', os.arch: 'amd64', os.version: '6.1', java.version: '1.8.0_241'
Driver info: org.openqa.selenium.firefox.FirefoxDriver
Capabilities {acceptInsecureCerts: true, browserName: firefox, browserVersion: 75.0, javascriptEnabled: true, moz:accessibilityChecks: false, moz:buildID: 20200403170909, moz:geckodriverVersion: 0.26.0, moz:headless: false, moz:processID: 8900, moz:profile: C:\Users\Marko\AppData\Loca..., moz:shutdownTimeout: 60000, moz:useNonSpecCompliantPointerOrigin: false, moz:webdriverClick: true, pageLoadStrategy: normal, platform: WINDOWS, platformName: WINDOWS, platformVersion: 6.1, rotatable: false, setWindowRect: true, strictFileInteractability: false, timeouts: {implicit: 0, pageLoad: 300000, script: 30000}, unhandledPromptBehavior: dismiss and notify}
Session ID: c012e14b-fb3c-45b4-8400-d6c734bfdd95
at org.openqa.selenium.remote.http.W3CHttpResponseCodec.createException(W3CHttpResponseCodec.java:187)
at org.openqa.selenium.remote.http.W3CHttpResponseCodec.decode(W3CHttpResponseCodec.java:122)
at org.openqa.selenium.remote.http.W3CHttpResponseCodec.decode(W3CHttpResponseCodec.java:49)
at org.openqa.selenium.remote.HttpCommandExecutor.execute(HttpCommandExecutor.java:158)
at org.openqa.selenium.remote.service.DriverCommandExecutor.execute(DriverCommandExecutor.java:83)
at org.openqa.selenium.remote.RemoteWebDriver.execute(RemoteWebDriver.java:552)
at org.openqa.selenium.remote.RemoteWebElement.execute(RemoteWebElement.java:285)
at org.openqa.selenium.remote.RemoteWebElement.click(RemoteWebElement.java:84)
at tests.PetStoreMenuTest.LinkTests(PetStoreMenuTest.java:93)
... Removed 29 stack frames]]>
    </failure>
  </testcase> <!-- LinkTests -->
  <testcase name="LinksTest" time="2.95" classname="tests.PetStoreMenuTest"/>
  <testcase name="SignInTest" time="0.73" classname="tests.PetStoreMenuTest"/>
  <testcase name="RegistrationTest" time="167.988" classname="tests.RegistrationPageTest">
    <failure type="java.lang.AssertionError" message="The following asserts failed:
	expected [false] but found [true],
	expected [false] but found [true],
	expected [false] but found [true],
	expected [false] but found [true],
	expected [false] but found [true],
	expected [false] but found [true],
	expected [false] but found [true],
	expected [false] but found [true],
	expected [false] but found [true],
	expected [false] but found [true]">
      <![CDATA[java.lang.AssertionError: The following asserts failed:
expected [false] but found [true],
expected [false] but found [true],
expected [false] but found [true],
expected [false] but found [true],
expected [false] but found [true],
expected [false] but found [true],
expected [false] but found [true],
expected [false] but found [true],
expected [false] but found [true],
expected [false] but found [true]
at tests.RegistrationPageTest.RegistrationTest(RegistrationPageTest.java:74)
... Removed 26 stack frames]]>
    </failure>
  </testcase> <!-- RegistrationTest -->
  <testcase name="SignInTests" time="71.588" classname="tests.SignInTest"/>
  <testcase name="addToCartTest" time="8.762" classname="tests.CartTest"/>
  <testcase name="countCartTest" time="1.742" classname="tests.CartTest"/>
  <testcase name="emptyCartTest" time="5.132" classname="tests.CartTest"/>
</testsuite> <!-- FirefoxTest -->
