<!DOCTYPE html PUBLIC "-//W3C//DTD XHTML 1.1//EN" "http://www.w3.org/TR/xhtml11/DTD/xhtml11.dtd">
<html xmlns="http://www.w3.org/1999/xhtml">
<head>
<meta http-equiv="content-type" content="text/html; charset=UTF-8"/>
<title>TestNG Report</title>
<style type="text/css">table {margin-bottom:10px;border-collapse:collapse;empty-cells:show}th,td {border:1px solid #009;padding:.25em .5em}th {vertical-align:bottom}td {vertical-align:top}table a {font-weight:bold}.stripe td {background-color: #E6EBF9}.num {text-align:right}.passedodd td {background-color: #3F3}.passedeven td {background-color: #0A0}.skippedodd td {background-color: #DDD}.skippedeven td {background-color: #CCC}.failedodd td,.attn {background-color: #F33}.failedeven td,.stripe .attn {background-color: #D00}.stacktrace {white-space:pre;font-family:monospace}.totop {font-size:85%;text-align:center;border-bottom:2px solid #000}.invisible {display:none}</style>
</head>
<body>
<table>
<tr><th>Test</th><th># Passed</th><th># Skipped</th><th># Failed</th><th>Time (ms)</th><th>Included Groups</th><th>Excluded Groups</th></tr>
<tr><th colspan="7">Testing Petstore</th></tr>
<tr><td><a href="#t0">Chrome Test</a></td><td class="num">8</td><td class="num">0</td><td class="num attn">1</td><td class="num">445,463</td><td></td><td></td></tr>
<tr class="stripe"><td><a href="#t1">FirefoxTest</a></td><td class="num">7</td><td class="num">0</td><td class="num attn">2</td><td class="num">356,471</td><td></td><td></td></tr>
<tr><td><a href="#t2">EdgeTest</a></td><td class="num">8</td><td class="num">0</td><td class="num attn">1</td><td class="num">414,461</td><td></td><td></td></tr>
<tr><th>Total</th><th class="num">23</th><th class="num">0</th><th class="num attn">4</th><th class="num">1,216,395</th><th colspan="2"></th></tr>
</table>
<table id='summary'><thead><tr><th>Class</th><th>Method</th><th>Start</th><th>Time (ms)</th></tr></thead><tbody><tr><th colspan="4">Testing Petstore</th></tr></tbody><tbody id="t0"><tr><th colspan="4">Chrome Test &#8212; failed</th></tr><tr class="failedeven"><td rowspan="1">tests.RegistrationPageTest</td><td><a href="#m0">RegistrationTest</a></td><td rowspan="1">1586740076672</td><td rowspan="1">246601</td></tr><tr><th colspan="4">Chrome Test &#8212; passed</th></tr><tr class="passedeven"><td rowspan="3">tests.CartTest</td><td><a href="#m1">addToCartTest</a></td><td rowspan="1">1586740418645</td><td rowspan="1">8305</td></tr><tr class="passedeven"><td><a href="#m2">countCartTest</a></td><td rowspan="1">1586740426952</td><td rowspan="1">2857</td></tr><tr class="passedeven"><td><a href="#m3">emptyCartTest</a></td><td rowspan="1">1586740429811</td><td rowspan="1">5281</td></tr><tr class="passedodd"><td rowspan="1">tests.HomePageTest</td><td><a href="#m4">enterTest</a></td><td rowspan="1">1586740041426</td><td rowspan="1">4108</td></tr><tr class="passedeven"><td rowspan="3">tests.PetStoreMenuTest</td><td><a href="#m5">LinkTests</a></td><td rowspan="1">1586740054832</td><td rowspan="1">10560</td></tr><tr class="passedeven"><td><a href="#m6">LinksTest</a></td><td rowspan="1">1586740065395</td><td rowspan="1">2393</td></tr><tr class="passedeven"><td><a href="#m7">SignInTest</a></td><td rowspan="1">1586740067792</td><td rowspan="1">805</td></tr><tr class="passedodd"><td rowspan="1">tests.SignInTest</td><td><a href="#m8">SignInTests</a></td><td rowspan="1">1586740328537</td><td rowspan="1">84646</td></tr></tbody>
<tbody id="t1"><tr><th colspan="4">FirefoxTest &#8212; failed</th></tr><tr class="failedeven"><td rowspan="1">tests.PetStoreMenuTest</td><td><a href="#m9">LinkTests</a></td><td rowspan="1">1586740481084</td><td rowspan="1">7542</td></tr><tr class="failedodd"><td rowspan="1">tests.RegistrationPageTest</td><td><a href="#m10">RegistrationTest</a></td><td rowspan="1">1586740505880</td><td rowspan="1">167988</td></tr><tr><th colspan="4">FirefoxTest &#8212; passed</th></tr><tr class="passedeven"><td rowspan="3">tests.CartTest</td><td><a href="#m11">addToCartTest</a></td><td rowspan="1">1586740771788</td><td rowspan="1">8762</td></tr><tr class="passedeven"><td><a href="#m12">countCartTest</a></td><td rowspan="1">1586740780550</td><td rowspan="1">1742</td></tr><tr class="passedeven"><td><a href="#m13">emptyCartTest</a></td><td rowspan="1">1586740782292</td><td rowspan="1">5132</td></tr><tr class="passedodd"><td rowspan="1">tests.HomePageTest</td><td><a href="#m14">enterTest</a></td><td rowspan="1">1586740458098</td><td rowspan="1">2971</td></tr><tr class="passedeven"><td rowspan="2">tests.PetStoreMenuTest</td><td><a href="#m15">LinksTest</a></td><td rowspan="1">1586740488636</td><td rowspan="1">2950</td></tr><tr class="passedeven"><td><a href="#m16">SignInTest</a></td><td rowspan="1">1586740491586</td><td rowspan="1">730</td></tr><tr class="passedodd"><td rowspan="1">tests.SignInTest</td><td><a href="#m17">SignInTests</a></td><td rowspan="1">1586740686851</td><td rowspan="1">71588</td></tr></tbody>
<tbody id="t2"><tr><th colspan="4">EdgeTest &#8212; failed</th></tr><tr class="failedeven"><td rowspan="1">tests.RegistrationPageTest</td><td><a href="#m18">RegistrationTest</a></td><td rowspan="1">1586740837975</td><td rowspan="1">242978</td></tr><tr><th colspan="4">EdgeTest &#8212; passed</th></tr><tr class="passedeven"><td rowspan="3">tests.CartTest</td><td><a href="#m19">addToCartTest</a></td><td rowspan="1">1586741190610</td><td rowspan="1">7691</td></tr><tr class="passedeven"><td><a href="#m20">countCartTest</a></td><td rowspan="1">1586741198302</td><td rowspan="1">2802</td></tr><tr class="passedeven"><td><a href="#m21">emptyCartTest</a></td><td rowspan="1">1586741201105</td><td rowspan="1">5082</td></tr><tr class="passedodd"><td rowspan="1">tests.HomePageTest</td><td><a href="#m22">enterTest</a></td><td rowspan="1">1586740806769</td><td rowspan="1">8193</td></tr><tr class="passedeven"><td rowspan="3">tests.PetStoreMenuTest</td><td><a href="#m23">LinkTests</a></td><td rowspan="1">1586740821352</td><td rowspan="1">10270</td></tr><tr class="passedeven"><td><a href="#m24">LinksTest</a></td><td rowspan="1">1586740831624</td><td rowspan="1">1186</td></tr><tr class="passedeven"><td><a href="#m25">SignInTest</a></td><td rowspan="1">1586740832812</td><td rowspan="1">513</td></tr><tr class="passedodd"><td rowspan="1">tests.SignInTest</td><td><a href="#m26">SignInTests</a></td><td rowspan="1">1586741086062</td><td rowspan="1">95895</td></tr></tbody>
</table>
<h2>Chrome Test</h2><h3 id="m0">tests.RegistrationPageTest#RegistrationTest</h3><table class="result"><tr><th>Exception</th></tr><tr><td><div class="stacktrace">java.lang.AssertionError: The following asserts failed:
	expected [false] but found [true],
	expected [false] but found [true],
	expected [false] but found [true],
	expected [false] but found [true],
	expected [false] but found [true],
	expected [false] but found [true],
	expected [false] but found [true],
	expected [false] but found [true],
	expected [false] but found [true],
	expected [false] but found [true]
	at tests.RegistrationPageTest.RegistrationTest(RegistrationPageTest.java:74)
... Removed 26 stack frames</div></td></tr></table><p class="totop"><a href="#summary">back to summary</a></p>
<h3 id="m1">tests.CartTest#addToCartTest</h3><table class="result"><tr><th class="invisible"/></tr></table><p class="totop"><a href="#summary">back to summary</a></p>
<h3 id="m2">tests.CartTest#countCartTest</h3><table class="result"><tr><th class="invisible"/></tr></table><p class="totop"><a href="#summary">back to summary</a></p>
<h3 id="m3">tests.CartTest#emptyCartTest</h3><table class="result"><tr><th class="invisible"/></tr></table><p class="totop"><a href="#summary">back to summary</a></p>
<h3 id="m4">tests.HomePageTest#enterTest</h3><table class="result"><tr><th class="invisible"/></tr></table><p class="totop"><a href="#summary">back to summary</a></p>
<h3 id="m5">tests.PetStoreMenuTest#LinkTests</h3><table class="result"><tr><th class="invisible"/></tr></table><p class="totop"><a href="#summary">back to summary</a></p>
<h3 id="m6">tests.PetStoreMenuTest#LinksTest</h3><table class="result"><tr><th class="invisible"/></tr></table><p class="totop"><a href="#summary">back to summary</a></p>
<h3 id="m7">tests.PetStoreMenuTest#SignInTest</h3><table class="result"><tr><th class="invisible"/></tr></table><p class="totop"><a href="#summary">back to summary</a></p>
<h3 id="m8">tests.SignInTest#SignInTests</h3><table class="result"><tr><th class="invisible"/></tr></table><p class="totop"><a href="#summary">back to summary</a></p>
<h2>FirefoxTest</h2><h3 id="m9">tests.PetStoreMenuTest#LinkTests</h3><table class="result"><tr><th>Exception</th></tr><tr><td><div class="stacktrace">org.openqa.selenium.ElementNotInteractableException: Element &lt;area href=&quot;Catalog.action?viewCategory=&amp;categoryId=BIRDS&quot;&gt; could not be scrolled into view
Build info: version: &apos;3.141.59&apos;, revision: &apos;e82be7d358&apos;, time: &apos;2018-11-14T08:25:48&apos;
System info: host: &apos;MARKO-PC&apos;, ip: &apos;192.168.1.16&apos;, os.name: &apos;Windows 7&apos;, os.arch: &apos;amd64&apos;, os.version: &apos;6.1&apos;, java.version: &apos;1.8.0_241&apos;
Driver info: org.openqa.selenium.firefox.FirefoxDriver
Capabilities {acceptInsecureCerts: true, browserName: firefox, browserVersion: 75.0, javascriptEnabled: true, moz:accessibilityChecks: false, moz:buildID: 20200403170909, moz:geckodriverVersion: 0.26.0, moz:headless: false, moz:processID: 8900, moz:profile: C:\Users\Marko\AppData\Loca..., moz:shutdownTimeout: 60000, moz:useNonSpecCompliantPointerOrigin: false, moz:webdriverClick: true, pageLoadStrategy: normal, platform: WINDOWS, platformName: WINDOWS, platformVersion: 6.1, rotatable: false, setWindowRect: true, strictFileInteractability: false, timeouts: {implicit: 0, pageLoad: 300000, script: 30000}, unhandledPromptBehavior: dismiss and notify}
Session ID: c012e14b-fb3c-45b4-8400-d6c734bfdd95
	at org.openqa.selenium.remote.http.W3CHttpResponseCodec.createException(W3CHttpResponseCodec.java:187)
	at org.openqa.selenium.remote.http.W3CHttpResponseCodec.decode(W3CHttpResponseCodec.java:122)
	at org.openqa.selenium.remote.http.W3CHttpResponseCodec.decode(W3CHttpResponseCodec.java:49)
	at org.openqa.selenium.remote.HttpCommandExecutor.execute(HttpCommandExecutor.java:158)
	at org.openqa.selenium.remote.service.DriverCommandExecutor.execute(DriverCommandExecutor.java:83)
	at org.openqa.selenium.remote.RemoteWebDriver.execute(RemoteWebDriver.java:552)
	at org.openqa.selenium.remote.RemoteWebElement.execute(RemoteWebElement.java:285)
	at org.openqa.selenium.remote.RemoteWebElement.click(RemoteWebElement.java:84)
	at tests.PetStoreMenuTest.LinkTests(PetStoreMenuTest.java:93)
... Removed 29 stack frames</div></td></tr></table><p class="totop"><a href="#summary">back to summary</a></p>
<h3 id="m10">tests.RegistrationPageTest#RegistrationTest</h3><table class="result"><tr><th>Exception</th></tr><tr><td><div class="stacktrace">java.lang.AssertionError: The following asserts failed:
	expected [false] but found [true],
	expected [false] but found [true],
	expected [false] but found [true],
	expected [false] but found [true],
	expected [false] but found [true],
	expected [false] but found [true],
	expected [false] but found [true],
	expected [false] but found [true],
	expected [false] but found [true],
	expected [false] but found [true]
	at tests.RegistrationPageTest.RegistrationTest(RegistrationPageTest.java:74)
... Removed 26 stack frames</div></td></tr></table><p class="totop"><a href="#summary">back to summary</a></p>
<h3 id="m11">tests.CartTest#addToCartTest</h3><table class="result"><tr><th class="invisible"/></tr></table><p class="totop"><a href="#summary">back to summary</a></p>
<h3 id="m12">tests.CartTest#countCartTest</h3><table class="result"><tr><th class="invisible"/></tr></table><p class="totop"><a href="#summary">back to summary</a></p>
<h3 id="m13">tests.CartTest#emptyCartTest</h3><table class="result"><tr><th class="invisible"/></tr></table><p class="totop"><a href="#summary">back to summary</a></p>
<h3 id="m14">tests.HomePageTest#enterTest</h3><table class="result"><tr><th class="invisible"/></tr></table><p class="totop"><a href="#summary">back to summary</a></p>
<h3 id="m15">tests.PetStoreMenuTest#LinksTest</h3><table class="result"><tr><th class="invisible"/></tr></table><p class="totop"><a href="#summary">back to summary</a></p>
<h3 id="m16">tests.PetStoreMenuTest#SignInTest</h3><table class="result"><tr><th class="invisible"/></tr></table><p class="totop"><a href="#summary">back to summary</a></p>
<h3 id="m17">tests.SignInTest#SignInTests</h3><table class="result"><tr><th class="invisible"/></tr></table><p class="totop"><a href="#summary">back to summary</a></p>
<h2>EdgeTest</h2><h3 id="m18">tests.RegistrationPageTest#RegistrationTest</h3><table class="result"><tr><th>Exception</th></tr><tr><td><div class="stacktrace">java.lang.AssertionError: The following asserts failed:
	expected [false] but found [true],
	expected [false] but found [true],
	expected [false] but found [true],
	expected [false] but found [true],
	expected [false] but found [true],
	expected [false] but found [true],
	expected [false] but found [true],
	expected [false] but found [true],
	expected [false] but found [true],
	expected [false] but found [true]
	at tests.RegistrationPageTest.RegistrationTest(RegistrationPageTest.java:74)
... Removed 26 stack frames</div></td></tr></table><p class="totop"><a href="#summary">back to summary</a></p>
<h3 id="m19">tests.CartTest#addToCartTest</h3><table class="result"><tr><th class="invisible"/></tr></table><p class="totop"><a href="#summary">back to summary</a></p>
<h3 id="m20">tests.CartTest#countCartTest</h3><table class="result"><tr><th class="invisible"/></tr></table><p class="totop"><a href="#summary">back to summary</a></p>
<h3 id="m21">tests.CartTest#emptyCartTest</h3><table class="result"><tr><th class="invisible"/></tr></table><p class="totop"><a href="#summary">back to summary</a></p>
<h3 id="m22">tests.HomePageTest#enterTest</h3><table class="result"><tr><th class="invisible"/></tr></table><p class="totop"><a href="#summary">back to summary</a></p>
<h3 id="m23">tests.PetStoreMenuTest#LinkTests</h3><table class="result"><tr><th class="invisible"/></tr></table><p class="totop"><a href="#summary">back to summary</a></p>
<h3 id="m24">tests.PetStoreMenuTest#LinksTest</h3><table class="result"><tr><th class="invisible"/></tr></table><p class="totop"><a href="#summary">back to summary</a></p>
<h3 id="m25">tests.PetStoreMenuTest#SignInTest</h3><table class="result"><tr><th class="invisible"/></tr></table><p class="totop"><a href="#summary">back to summary</a></p>
<h3 id="m26">tests.SignInTest#SignInTests</h3><table class="result"><tr><th class="invisible"/></tr></table><p class="totop"><a href="#summary">back to summary</a></p>
</body>
</html>
